<?xml version="1.0" encoding="UTF-8"?>
<!-- Generated by org.testng.reporters.JUnitXMLReporter -->
<testsuite hostname="CO-IT005951" ignored="0" name="Default test" tests="4" failures="0" timestamp="12 abr 2021 19:17:24 GMT" time="0.137" errors="0">
  <testcase name="validAccount" time="0.027" classname="com.globant.WilsonAngelTestCasesDesignTestNG.ESPN_TestCases"/>
  <testcase name="initSession" time="0.004" classname="com.globant.WilsonAngelTestCasesDesignTestNG.ESPN_TestCases"/>
  <testcase name="closeSession" time="0.004" classname="com.globant.WilsonAngelTestCasesDesignTestNG.ESPN_TestCases"/>
  <testcase name="disableUser" time="0.005" classname="com.globant.WilsonAngelTestCasesDesignTestNG.ESPN_TestCases"/>
</testsuite> <!-- Default test -->
