<?xml version="1.0" encoding="UTF-8"?>
<!-- Generated by org.testng.reporters.JUnitXMLReporter -->
<testsuite hostname="CO-IT005951" ignored="0" name="My first test" tests="4" failures="0" timestamp="12 abr 2021 20:21:35 GMT" time="0.033" errors="0">
  <testcase name="validAccount" time="0.008" classname="com.globant.WilsonAngelTestCasesDesignTestNG.ESPN_TestCases"/>
  <testcase name="initSession" time="0.001" classname="com.globant.WilsonAngelTestCasesDesignTestNG.ESPN_TestCases"/>
  <testcase name="closeSession" time="0.001" classname="com.globant.WilsonAngelTestCasesDesignTestNG.ESPN_TestCases"/>
  <testcase name="disableUser" time="0.001" classname="com.globant.WilsonAngelTestCasesDesignTestNG.ESPN_TestCases"/>
</testsuite> <!-- My first test -->
